[2024/08/20-09:28:39.479]-[INFO]-[main]-[org.springframework.boot.StartupInfoLogger:50]-Starting Startup v1.0.0.RELEASE on DESKTOP-OJFGPPM with PID 3964 (started by Lenovo in D:\sonasid_3.2024\project\ig iot tracker\elink-iov-message-gateway\elink-iov-message-gateway\bin)
[2024/08/20-09:28:39.481]-[INFO]-[main]-[org.springframework.boot.SpringApplication:646]-No active profile set, falling back to default profiles: default
[2024/08/20-09:28:40.677]-[INFO]-[main]-[org.messaginghub.pooled.jms.JmsPoolConnectionFactory:198]-JMS ConnectionFactory on classpath is not a JMS 2.0+ version.
[2024/08/20-09:28:41.403]-[INFO]-[main]-[org.springframework.boot.StartupInfoLogger:59]-Started Startup in 2.311 seconds (JVM running for 5.033)
[2024/08/20-09:28:44.844]-[INFO]-[main]-[com.legaoyi.iov.protocol.server.Server:94]-******server started,server port=6030
[2024/08/20-09:28:46.411]-[ERROR]-[DefaultMessageListenerContainer-1]-[org.springframework.jms.listener.DefaultMessageListenerContainer:962]-Could not refresh JMS Connection for destination 'elink-gps-downstream-queue' - retrying using FixedBackOff{interval=5000, currentAttempts=0, maxAttempts=unlimited}. Cause: Could not connect to broker URL: tcp://localhost:61616. Reason: java.net.ConnectException: Connection refused: no further information
[2024/08/20-09:28:51.427]-[ERROR]-[DefaultMessageListenerContainer-1]-[org.springframework.jms.listener.DefaultMessageListenerContainer:962]-Could not refresh JMS Connection for destination 'elink-gps-downstream-queue' - retrying using FixedBackOff{interval=5000, currentAttempts=1, maxAttempts=unlimited}. Cause: Could not connect to broker URL: tcp://localhost:61616. Reason: java.net.ConnectException: Connection refused: no further information
[2024/08/20-09:28:56.434]-[ERROR]-[DefaultMessageListenerContainer-1]-[org.springframework.jms.listener.DefaultMessageListenerContainer:962]-Could not refresh JMS Connection for destination 'elink-gps-downstream-queue' - retrying using FixedBackOff{interval=5000, currentAttempts=2, maxAttempts=unlimited}. Cause: Could not connect to broker URL: tcp://localhost:61616. Reason: java.net.ConnectException: Connection refused: no further information
[2024/08/20-09:29:01.440]-[ERROR]-[DefaultMessageListenerContainer-1]-[org.springframework.jms.listener.DefaultMessageListenerContainer:962]-Could not refresh JMS Connection for destination 'elink-gps-downstream-queue' - retrying using FixedBackOff{interval=5000, currentAttempts=3, maxAttempts=unlimited}. Cause: Could not connect to broker URL: tcp://localhost:61616. Reason: java.net.ConnectException: Connection refused: no further information
[2024/08/20-09:29:06.456]-[ERROR]-[DefaultMessageListenerContainer-1]-[org.springframework.jms.listener.DefaultMessageListenerContainer:962]-Could not refresh JMS Connection for destination 'elink-gps-downstream-queue' - retrying using FixedBackOff{interval=5000, currentAttempts=4, maxAttempts=unlimited}. Cause: Could not connect to broker URL: tcp://localhost:61616. Reason: java.net.ConnectException: Connection refused: no further information
[2024/08/20-09:39:56.322]-[INFO]-[main]-[org.springframework.boot.StartupInfoLogger:50]-Starting Startup v1.0.0.RELEASE on DESKTOP-OJFGPPM with PID 11896 (started by Lenovo in D:\sonasid_3.2024\project\ig iot tracker\legaoyi\elink-iov-message-gateway\bin)
[2024/08/20-09:39:56.325]-[INFO]-[main]-[org.springframework.boot.SpringApplication:646]-No active profile set, falling back to default profiles: default
[2024/08/20-09:39:57.577]-[INFO]-[main]-[org.messaginghub.pooled.jms.JmsPoolConnectionFactory:198]-JMS ConnectionFactory on classpath is not a JMS 2.0+ version.
[2024/08/20-09:39:59.906]-[INFO]-[main]-[org.springframework.boot.StartupInfoLogger:59]-Started Startup in 3.942 seconds (JVM running for 4.539)
[2024/08/20-09:40:02.924]-[INFO]-[main]-[com.legaoyi.iov.protocol.server.Server:94]-******server started,server port=6030
[2024/08/20-10:20:46.168]-[INFO]-[main]-[org.springframework.boot.StartupInfoLogger:50]-Starting Startup v1.0.0.RELEASE on DESKTOP-OJFGPPM with PID 8244 (D:\sonasid_3.2024\project\ig_iot_tracker\legaoyi\elink-iov-message-gateway\lib\elink-iov-message-gateway-1.0.0.RELEASE.jar started by Lenovo in D:\sonasid_3.2024\project\ig_iot_tracker\legaoyi\elink-iov-message-gateway\bin)
[2024/08/20-10:20:46.168]-[INFO]-[main]-[org.springframework.boot.SpringApplication:646]-No active profile set, falling back to default profiles: default
[2024/08/20-10:20:47.146]-[INFO]-[main]-[org.messaginghub.pooled.jms.JmsPoolConnectionFactory:198]-JMS ConnectionFactory on classpath is not a JMS 2.0+ version.
[2024/08/20-10:20:47.922]-[INFO]-[main]-[org.springframework.boot.StartupInfoLogger:59]-Started Startup in 2.074 seconds (JVM running for 2.587)
[2024/08/20-10:20:50.580]-[INFO]-[main]-[com.legaoyi.iov.protocol.server.Server:94]-******server started,server port=6030
[2024/08/20-11:35:56.612]-[INFO]-[main]-[org.springframework.boot.StartupInfoLogger:50]-Starting Startup v1.0.0.RELEASE on DESKTOP-OJFGPPM with PID 3060 (D:\sonasid_3.2024\project\ig_iot_tracker\legaoyi\elink-iov-message-gateway\lib\elink-iov-message-gateway-1.0.0.RELEASE.jar started by Lenovo in D:\sonasid_3.2024\project\ig_iot_tracker\legaoyi\elink-iov-message-gateway\bin)
[2024/08/20-11:35:56.631]-[INFO]-[main]-[org.springframework.boot.SpringApplication:646]-No active profile set, falling back to default profiles: default
[2024/08/20-11:35:59.039]-[INFO]-[main]-[org.messaginghub.pooled.jms.JmsPoolConnectionFactory:198]-JMS ConnectionFactory on classpath is not a JMS 2.0+ version.
[2024/08/20-11:36:00.299]-[INFO]-[main]-[org.springframework.boot.StartupInfoLogger:59]-Started Startup in 5.055 seconds (JVM running for 10.377)
[2024/08/20-11:36:04.651]-[INFO]-[main]-[com.legaoyi.iov.protocol.server.Server:94]-******server started,server port=6030
[2024/08/20-13:04:14.469]-[WARN]-[DefaultMessageListenerContainer-1]-[org.messaginghub.pooled.jms.JmsPoolSession:115]-Caught exception trying rollback() when putting session back into the pool, will invalidate. javax.jms.IllegalStateException: The Session is closed
javax.jms.IllegalStateException: The Session is closed
	at org.apache.activemq.ActiveMQSession.checkClosed(ActiveMQSession.java:771)
	at org.apache.activemq.ActiveMQSession.rollback(ActiveMQSession.java:596)
	at org.messaginghub.pooled.jms.JmsPoolSession.close(JmsPoolSession.java:112)
	at org.springframework.jms.support.JmsUtils.closeSession(JmsUtils.java:109)
	at org.springframework.jms.listener.DefaultMessageListenerContainer$AsyncMessageListenerInvoker.clearResources(DefaultMessageListenerContainer.java:1241)
	at org.springframework.jms.listener.DefaultMessageListenerContainer$AsyncMessageListenerInvoker.run(DefaultMessageListenerContainer.java:1087)
	at java.base/java.lang.Thread.run(Thread.java:1583)
[2024/08/20-13:04:18.460]-[ERROR]-[DefaultMessageListenerContainer-1]-[org.springframework.jms.listener.DefaultMessageListenerContainer:962]-Could not refresh JMS Connection for destination 'elink-gps-downstream-queue' - retrying using FixedBackOff{interval=5000, currentAttempts=0, maxAttempts=unlimited}. Cause: Could not connect to broker URL: tcp://localhost:61616. Reason: java.net.ConnectException: Connection refused: no further information
[2024/08/20-13:04:23.500]-[ERROR]-[DefaultMessageListenerContainer-1]-[org.springframework.jms.listener.DefaultMessageListenerContainer:962]-Could not refresh JMS Connection for destination 'elink-gps-downstream-queue' - retrying using FixedBackOff{interval=5000, currentAttempts=1, maxAttempts=unlimited}. Cause: Could not connect to broker URL: tcp://localhost:61616. Reason: java.net.ConnectException: Connection refused: no further information
[2024/08/20-13:04:28.517]-[ERROR]-[DefaultMessageListenerContainer-1]-[org.springframework.jms.listener.DefaultMessageListenerContainer:962]-Could not refresh JMS Connection for destination 'elink-gps-downstream-queue' - retrying using FixedBackOff{interval=5000, currentAttempts=2, maxAttempts=unlimited}. Cause: Could not connect to broker URL: tcp://localhost:61616. Reason: java.net.ConnectException: Connection refused: no further information
[2024/08/20-13:04:33.862]-[ERROR]-[DefaultMessageListenerContainer-1]-[org.springframework.jms.listener.DefaultMessageListenerContainer:962]-Could not refresh JMS Connection for destination 'elink-gps-downstream-queue' - retrying using FixedBackOff{interval=5000, currentAttempts=3, maxAttempts=unlimited}. Cause: Could not connect to broker URL: tcp://localhost:61616. Reason: java.net.ConnectException: Connection refused: no further information
[2024/08/20-13:04:38.864]-[ERROR]-[DefaultMessageListenerContainer-1]-[org.springframework.jms.listener.DefaultMessageListenerContainer:962]-Could not refresh JMS Connection for destination 'elink-gps-downstream-queue' - retrying using FixedBackOff{interval=5000, currentAttempts=4, maxAttempts=unlimited}. Cause: Could not connect to broker URL: tcp://localhost:61616. Reason: java.net.ConnectException: Connection refused: no further information
[2024/08/20-13:04:43.870]-[ERROR]-[DefaultMessageListenerContainer-1]-[org.springframework.jms.listener.DefaultMessageListenerContainer:962]-Could not refresh JMS Connection for destination 'elink-gps-downstream-queue' - retrying using FixedBackOff{interval=5000, currentAttempts=5, maxAttempts=unlimited}. Cause: Could not connect to broker URL: tcp://localhost:61616. Reason: java.net.ConnectException: Connection refused: no further information
