[2024/08/20-09:28:46.411]-[ERROR]-[DefaultMessageListenerContainer-1]-[org.springframework.jms.listener.DefaultMessageListenerContainer:962]-Could not refresh JMS Connection for destination 'elink-gps-downstream-queue' - retrying using FixedBackOff{interval=5000, currentAttempts=0, maxAttempts=unlimited}. Cause: Could not connect to broker URL: tcp://localhost:61616. Reason: java.net.ConnectException: Connection refused: no further information
[2024/08/20-09:28:51.427]-[ERROR]-[DefaultMessageListenerContainer-1]-[org.springframework.jms.listener.DefaultMessageListenerContainer:962]-Could not refresh JMS Connection for destination 'elink-gps-downstream-queue' - retrying using FixedBackOff{interval=5000, currentAttempts=1, maxAttempts=unlimited}. Cause: Could not connect to broker URL: tcp://localhost:61616. Reason: java.net.ConnectException: Connection refused: no further information
[2024/08/20-09:28:56.434]-[ERROR]-[DefaultMessageListenerContainer-1]-[org.springframework.jms.listener.DefaultMessageListenerContainer:962]-Could not refresh JMS Connection for destination 'elink-gps-downstream-queue' - retrying using FixedBackOff{interval=5000, currentAttempts=2, maxAttempts=unlimited}. Cause: Could not connect to broker URL: tcp://localhost:61616. Reason: java.net.ConnectException: Connection refused: no further information
[2024/08/20-09:29:01.440]-[ERROR]-[DefaultMessageListenerContainer-1]-[org.springframework.jms.listener.DefaultMessageListenerContainer:962]-Could not refresh JMS Connection for destination 'elink-gps-downstream-queue' - retrying using FixedBackOff{interval=5000, currentAttempts=3, maxAttempts=unlimited}. Cause: Could not connect to broker URL: tcp://localhost:61616. Reason: java.net.ConnectException: Connection refused: no further information
[2024/08/20-09:29:06.456]-[ERROR]-[DefaultMessageListenerContainer-1]-[org.springframework.jms.listener.DefaultMessageListenerContainer:962]-Could not refresh JMS Connection for destination 'elink-gps-downstream-queue' - retrying using FixedBackOff{interval=5000, currentAttempts=4, maxAttempts=unlimited}. Cause: Could not connect to broker URL: tcp://localhost:61616. Reason: java.net.ConnectException: Connection refused: no further information
[2024/08/20-12:45:30.259]-[ERROR]-[pool-3-thread-36]-[com.legaoyi.iov.protocol.server.ServerIoHandler:161]-******handle offline message error,simCode=013100000003
java.lang.ClassCastException: class java.util.HashMap cannot be cast to class com.legaoyi.iov.protocol.message.Message (java.util.HashMap is in module java.base of loader 'bootstrap'; com.legaoyi.iov.protocol.message.Message is in unnamed module of loader 'app')
	at com.legaoyi.iov.protocol.server.handler.UpstreamMessageHandler.handle(UpstreamMessageHandler.java:20)
	at com.legaoyi.iov.protocol.server.ServerIoHandler.closeSession(ServerIoHandler.java:159)
	at com.legaoyi.iov.protocol.server.ServerIoHandler.sessionIdle(ServerIoHandler.java:141)
	at org.apache.mina.core.filterchain.DefaultIoFilterChain$TailFilter.sessionIdle(DefaultIoFilterChain.java:979)
	at org.apache.mina.core.filterchain.DefaultIoFilterChain.callNextSessionIdle(DefaultIoFilterChain.java:625)
	at org.apache.mina.core.filterchain.DefaultIoFilterChain.access$1000(DefaultIoFilterChain.java:49)
	at org.apache.mina.core.filterchain.DefaultIoFilterChain$EntryImpl$1.sessionIdle(DefaultIoFilterChain.java:1101)
	at org.apache.mina.filter.logging.LoggingFilter.sessionIdle(LoggingFilter.java:254)
	at org.apache.mina.core.filterchain.DefaultIoFilterChain.callNextSessionIdle(DefaultIoFilterChain.java:625)
	at org.apache.mina.core.filterchain.DefaultIoFilterChain.access$1000(DefaultIoFilterChain.java:49)
	at org.apache.mina.core.filterchain.DefaultIoFilterChain$EntryImpl$1.sessionIdle(DefaultIoFilterChain.java:1101)
	at org.apache.mina.core.filterchain.IoFilterAdapter.sessionIdle(IoFilterAdapter.java:106)
	at org.apache.mina.core.filterchain.DefaultIoFilterChain.callNextSessionIdle(DefaultIoFilterChain.java:625)
	at org.apache.mina.core.filterchain.DefaultIoFilterChain.access$1000(DefaultIoFilterChain.java:49)
	at org.apache.mina.core.filterchain.DefaultIoFilterChain$EntryImpl$1.sessionIdle(DefaultIoFilterChain.java:1101)
	at org.apache.mina.core.filterchain.IoFilterEvent.fire(IoFilterEvent.java:123)
	at org.apache.mina.core.session.IoEvent.run(IoEvent.java:89)
	at org.apache.mina.filter.executor.OrderedThreadPoolExecutor$Worker.runTask(OrderedThreadPoolExecutor.java:766)
	at org.apache.mina.filter.executor.OrderedThreadPoolExecutor$Worker.runTasks(OrderedThreadPoolExecutor.java:758)
	at org.apache.mina.filter.executor.OrderedThreadPoolExecutor$Worker.run(OrderedThreadPoolExecutor.java:697)
	at java.base/java.lang.Thread.run(Thread.java:1583)
[2024/08/20-12:45:30.259]-[ERROR]-[pool-3-thread-34]-[com.legaoyi.iov.protocol.server.ServerIoHandler:161]-******handle offline message error,simCode=013100000002
java.lang.ClassCastException: class java.util.HashMap cannot be cast to class com.legaoyi.iov.protocol.message.Message (java.util.HashMap is in module java.base of loader 'bootstrap'; com.legaoyi.iov.protocol.message.Message is in unnamed module of loader 'app')
	at com.legaoyi.iov.protocol.server.handler.UpstreamMessageHandler.handle(UpstreamMessageHandler.java:20)
	at com.legaoyi.iov.protocol.server.ServerIoHandler.closeSession(ServerIoHandler.java:159)
	at com.legaoyi.iov.protocol.server.ServerIoHandler.sessionIdle(ServerIoHandler.java:141)
	at org.apache.mina.core.filterchain.DefaultIoFilterChain$TailFilter.sessionIdle(DefaultIoFilterChain.java:979)
	at org.apache.mina.core.filterchain.DefaultIoFilterChain.callNextSessionIdle(DefaultIoFilterChain.java:625)
	at org.apache.mina.core.filterchain.DefaultIoFilterChain.access$1000(DefaultIoFilterChain.java:49)
	at org.apache.mina.core.filterchain.DefaultIoFilterChain$EntryImpl$1.sessionIdle(DefaultIoFilterChain.java:1101)
	at org.apache.mina.filter.logging.LoggingFilter.sessionIdle(LoggingFilter.java:254)
	at org.apache.mina.core.filterchain.DefaultIoFilterChain.callNextSessionIdle(DefaultIoFilterChain.java:625)
	at org.apache.mina.core.filterchain.DefaultIoFilterChain.access$1000(DefaultIoFilterChain.java:49)
	at org.apache.mina.core.filterchain.DefaultIoFilterChain$EntryImpl$1.sessionIdle(DefaultIoFilterChain.java:1101)
	at org.apache.mina.core.filterchain.IoFilterAdapter.sessionIdle(IoFilterAdapter.java:106)
	at org.apache.mina.core.filterchain.DefaultIoFilterChain.callNextSessionIdle(DefaultIoFilterChain.java:625)
	at org.apache.mina.core.filterchain.DefaultIoFilterChain.access$1000(DefaultIoFilterChain.java:49)
	at org.apache.mina.core.filterchain.DefaultIoFilterChain$EntryImpl$1.sessionIdle(DefaultIoFilterChain.java:1101)
	at org.apache.mina.core.filterchain.IoFilterEvent.fire(IoFilterEvent.java:123)
	at org.apache.mina.core.session.IoEvent.run(IoEvent.java:89)
	at org.apache.mina.filter.executor.OrderedThreadPoolExecutor$Worker.runTask(OrderedThreadPoolExecutor.java:766)
	at org.apache.mina.filter.executor.OrderedThreadPoolExecutor$Worker.runTasks(OrderedThreadPoolExecutor.java:758)
	at org.apache.mina.filter.executor.OrderedThreadPoolExecutor$Worker.run(OrderedThreadPoolExecutor.java:697)
	at java.base/java.lang.Thread.run(Thread.java:1583)
[2024/08/20-12:45:30.259]-[ERROR]-[pool-3-thread-33]-[com.legaoyi.iov.protocol.server.ServerIoHandler:161]-******handle offline message error,simCode=013100000001
java.lang.ClassCastException: class java.util.HashMap cannot be cast to class com.legaoyi.iov.protocol.message.Message (java.util.HashMap is in module java.base of loader 'bootstrap'; com.legaoyi.iov.protocol.message.Message is in unnamed module of loader 'app')
	at com.legaoyi.iov.protocol.server.handler.UpstreamMessageHandler.handle(UpstreamMessageHandler.java:20)
	at com.legaoyi.iov.protocol.server.ServerIoHandler.closeSession(ServerIoHandler.java:159)
	at com.legaoyi.iov.protocol.server.ServerIoHandler.sessionIdle(ServerIoHandler.java:141)
	at org.apache.mina.core.filterchain.DefaultIoFilterChain$TailFilter.sessionIdle(DefaultIoFilterChain.java:979)
	at org.apache.mina.core.filterchain.DefaultIoFilterChain.callNextSessionIdle(DefaultIoFilterChain.java:625)
	at org.apache.mina.core.filterchain.DefaultIoFilterChain.access$1000(DefaultIoFilterChain.java:49)
	at org.apache.mina.core.filterchain.DefaultIoFilterChain$EntryImpl$1.sessionIdle(DefaultIoFilterChain.java:1101)
	at org.apache.mina.filter.logging.LoggingFilter.sessionIdle(LoggingFilter.java:254)
	at org.apache.mina.core.filterchain.DefaultIoFilterChain.callNextSessionIdle(DefaultIoFilterChain.java:625)
	at org.apache.mina.core.filterchain.DefaultIoFilterChain.access$1000(DefaultIoFilterChain.java:49)
	at org.apache.mina.core.filterchain.DefaultIoFilterChain$EntryImpl$1.sessionIdle(DefaultIoFilterChain.java:1101)
	at org.apache.mina.core.filterchain.IoFilterAdapter.sessionIdle(IoFilterAdapter.java:106)
	at org.apache.mina.core.filterchain.DefaultIoFilterChain.callNextSessionIdle(DefaultIoFilterChain.java:625)
	at org.apache.mina.core.filterchain.DefaultIoFilterChain.access$1000(DefaultIoFilterChain.java:49)
	at org.apache.mina.core.filterchain.DefaultIoFilterChain$EntryImpl$1.sessionIdle(DefaultIoFilterChain.java:1101)
	at org.apache.mina.core.filterchain.IoFilterEvent.fire(IoFilterEvent.java:123)
	at org.apache.mina.core.session.IoEvent.run(IoEvent.java:89)
	at org.apache.mina.filter.executor.OrderedThreadPoolExecutor$Worker.runTask(OrderedThreadPoolExecutor.java:766)
	at org.apache.mina.filter.executor.OrderedThreadPoolExecutor$Worker.runTasks(OrderedThreadPoolExecutor.java:758)
	at org.apache.mina.filter.executor.OrderedThreadPoolExecutor$Worker.run(OrderedThreadPoolExecutor.java:697)
	at java.base/java.lang.Thread.run(Thread.java:1583)
[2024/08/20-12:45:30.259]-[ERROR]-[pool-3-thread-35]-[com.legaoyi.iov.protocol.server.ServerIoHandler:161]-******handle offline message error,simCode=013100000000
java.lang.ClassCastException: class java.util.HashMap cannot be cast to class com.legaoyi.iov.protocol.message.Message (java.util.HashMap is in module java.base of loader 'bootstrap'; com.legaoyi.iov.protocol.message.Message is in unnamed module of loader 'app')
	at com.legaoyi.iov.protocol.server.handler.UpstreamMessageHandler.handle(UpstreamMessageHandler.java:20)
	at com.legaoyi.iov.protocol.server.ServerIoHandler.closeSession(ServerIoHandler.java:159)
	at com.legaoyi.iov.protocol.server.ServerIoHandler.sessionIdle(ServerIoHandler.java:141)
	at org.apache.mina.core.filterchain.DefaultIoFilterChain$TailFilter.sessionIdle(DefaultIoFilterChain.java:979)
	at org.apache.mina.core.filterchain.DefaultIoFilterChain.callNextSessionIdle(DefaultIoFilterChain.java:625)
	at org.apache.mina.core.filterchain.DefaultIoFilterChain.access$1000(DefaultIoFilterChain.java:49)
	at org.apache.mina.core.filterchain.DefaultIoFilterChain$EntryImpl$1.sessionIdle(DefaultIoFilterChain.java:1101)
	at org.apache.mina.filter.logging.LoggingFilter.sessionIdle(LoggingFilter.java:254)
	at org.apache.mina.core.filterchain.DefaultIoFilterChain.callNextSessionIdle(DefaultIoFilterChain.java:625)
	at org.apache.mina.core.filterchain.DefaultIoFilterChain.access$1000(DefaultIoFilterChain.java:49)
	at org.apache.mina.core.filterchain.DefaultIoFilterChain$EntryImpl$1.sessionIdle(DefaultIoFilterChain.java:1101)
	at org.apache.mina.core.filterchain.IoFilterAdapter.sessionIdle(IoFilterAdapter.java:106)
	at org.apache.mina.core.filterchain.DefaultIoFilterChain.callNextSessionIdle(DefaultIoFilterChain.java:625)
	at org.apache.mina.core.filterchain.DefaultIoFilterChain.access$1000(DefaultIoFilterChain.java:49)
	at org.apache.mina.core.filterchain.DefaultIoFilterChain$EntryImpl$1.sessionIdle(DefaultIoFilterChain.java:1101)
	at org.apache.mina.core.filterchain.IoFilterEvent.fire(IoFilterEvent.java:123)
	at org.apache.mina.core.session.IoEvent.run(IoEvent.java:89)
	at org.apache.mina.filter.executor.OrderedThreadPoolExecutor$Worker.runTask(OrderedThreadPoolExecutor.java:766)
	at org.apache.mina.filter.executor.OrderedThreadPoolExecutor$Worker.runTasks(OrderedThreadPoolExecutor.java:758)
	at org.apache.mina.filter.executor.OrderedThreadPoolExecutor$Worker.run(OrderedThreadPoolExecutor.java:697)
	at java.base/java.lang.Thread.run(Thread.java:1583)
[2024/08/20-12:45:30.585]-[ERROR]-[pool-3-thread-34]-[com.legaoyi.iov.protocol.server.ServerIoHandler:161]-******handle offline message error,simCode=013100000004
java.lang.ClassCastException: class java.util.HashMap cannot be cast to class com.legaoyi.iov.protocol.message.Message (java.util.HashMap is in module java.base of loader 'bootstrap'; com.legaoyi.iov.protocol.message.Message is in unnamed module of loader 'app')
	at com.legaoyi.iov.protocol.server.handler.UpstreamMessageHandler.handle(UpstreamMessageHandler.java:20)
	at com.legaoyi.iov.protocol.server.ServerIoHandler.closeSession(ServerIoHandler.java:159)
	at com.legaoyi.iov.protocol.server.ServerIoHandler.sessionIdle(ServerIoHandler.java:141)
	at org.apache.mina.core.filterchain.DefaultIoFilterChain$TailFilter.sessionIdle(DefaultIoFilterChain.java:979)
	at org.apache.mina.core.filterchain.DefaultIoFilterChain.callNextSessionIdle(DefaultIoFilterChain.java:625)
	at org.apache.mina.core.filterchain.DefaultIoFilterChain.access$1000(DefaultIoFilterChain.java:49)
	at org.apache.mina.core.filterchain.DefaultIoFilterChain$EntryImpl$1.sessionIdle(DefaultIoFilterChain.java:1101)
	at org.apache.mina.filter.logging.LoggingFilter.sessionIdle(LoggingFilter.java:254)
	at org.apache.mina.core.filterchain.DefaultIoFilterChain.callNextSessionIdle(DefaultIoFilterChain.java:625)
	at org.apache.mina.core.filterchain.DefaultIoFilterChain.access$1000(DefaultIoFilterChain.java:49)
	at org.apache.mina.core.filterchain.DefaultIoFilterChain$EntryImpl$1.sessionIdle(DefaultIoFilterChain.java:1101)
	at org.apache.mina.core.filterchain.IoFilterAdapter.sessionIdle(IoFilterAdapter.java:106)
	at org.apache.mina.core.filterchain.DefaultIoFilterChain.callNextSessionIdle(DefaultIoFilterChain.java:625)
	at org.apache.mina.core.filterchain.DefaultIoFilterChain.access$1000(DefaultIoFilterChain.java:49)
	at org.apache.mina.core.filterchain.DefaultIoFilterChain$EntryImpl$1.sessionIdle(DefaultIoFilterChain.java:1101)
	at org.apache.mina.core.filterchain.IoFilterEvent.fire(IoFilterEvent.java:123)
	at org.apache.mina.core.session.IoEvent.run(IoEvent.java:89)
	at org.apache.mina.filter.executor.OrderedThreadPoolExecutor$Worker.runTask(OrderedThreadPoolExecutor.java:766)
	at org.apache.mina.filter.executor.OrderedThreadPoolExecutor$Worker.runTasks(OrderedThreadPoolExecutor.java:758)
	at org.apache.mina.filter.executor.OrderedThreadPoolExecutor$Worker.run(OrderedThreadPoolExecutor.java:697)
	at java.base/java.lang.Thread.run(Thread.java:1583)
[2024/08/20-12:59:56.409]-[ERROR]-[pool-3-thread-38]-[com.legaoyi.iov.protocol.server.ServerIoHandler:161]-******handle offline message error,simCode=013100000000
java.lang.ClassCastException: class java.util.HashMap cannot be cast to class com.legaoyi.iov.protocol.message.Message (java.util.HashMap is in module java.base of loader 'bootstrap'; com.legaoyi.iov.protocol.message.Message is in unnamed module of loader 'app')
	at com.legaoyi.iov.protocol.server.handler.UpstreamMessageHandler.handle(UpstreamMessageHandler.java:20)
	at com.legaoyi.iov.protocol.server.ServerIoHandler.closeSession(ServerIoHandler.java:159)
	at com.legaoyi.iov.protocol.server.ServerIoHandler.sessionIdle(ServerIoHandler.java:141)
	at org.apache.mina.core.filterchain.DefaultIoFilterChain$TailFilter.sessionIdle(DefaultIoFilterChain.java:979)
	at org.apache.mina.core.filterchain.DefaultIoFilterChain.callNextSessionIdle(DefaultIoFilterChain.java:625)
	at org.apache.mina.core.filterchain.DefaultIoFilterChain.access$1000(DefaultIoFilterChain.java:49)
	at org.apache.mina.core.filterchain.DefaultIoFilterChain$EntryImpl$1.sessionIdle(DefaultIoFilterChain.java:1101)
	at org.apache.mina.filter.logging.LoggingFilter.sessionIdle(LoggingFilter.java:254)
	at org.apache.mina.core.filterchain.DefaultIoFilterChain.callNextSessionIdle(DefaultIoFilterChain.java:625)
	at org.apache.mina.core.filterchain.DefaultIoFilterChain.access$1000(DefaultIoFilterChain.java:49)
	at org.apache.mina.core.filterchain.DefaultIoFilterChain$EntryImpl$1.sessionIdle(DefaultIoFilterChain.java:1101)
	at org.apache.mina.core.filterchain.IoFilterAdapter.sessionIdle(IoFilterAdapter.java:106)
	at org.apache.mina.core.filterchain.DefaultIoFilterChain.callNextSessionIdle(DefaultIoFilterChain.java:625)
	at org.apache.mina.core.filterchain.DefaultIoFilterChain.access$1000(DefaultIoFilterChain.java:49)
	at org.apache.mina.core.filterchain.DefaultIoFilterChain$EntryImpl$1.sessionIdle(DefaultIoFilterChain.java:1101)
	at org.apache.mina.core.filterchain.IoFilterEvent.fire(IoFilterEvent.java:123)
	at org.apache.mina.core.session.IoEvent.run(IoEvent.java:89)
	at org.apache.mina.filter.executor.OrderedThreadPoolExecutor$Worker.runTask(OrderedThreadPoolExecutor.java:766)
	at org.apache.mina.filter.executor.OrderedThreadPoolExecutor$Worker.runTasks(OrderedThreadPoolExecutor.java:758)
	at org.apache.mina.filter.executor.OrderedThreadPoolExecutor$Worker.run(OrderedThreadPoolExecutor.java:697)
	at java.base/java.lang.Thread.run(Thread.java:1583)
[2024/08/20-13:04:18.460]-[ERROR]-[DefaultMessageListenerContainer-1]-[org.springframework.jms.listener.DefaultMessageListenerContainer:962]-Could not refresh JMS Connection for destination 'elink-gps-downstream-queue' - retrying using FixedBackOff{interval=5000, currentAttempts=0, maxAttempts=unlimited}. Cause: Could not connect to broker URL: tcp://localhost:61616. Reason: java.net.ConnectException: Connection refused: no further information
[2024/08/20-13:04:23.500]-[ERROR]-[DefaultMessageListenerContainer-1]-[org.springframework.jms.listener.DefaultMessageListenerContainer:962]-Could not refresh JMS Connection for destination 'elink-gps-downstream-queue' - retrying using FixedBackOff{interval=5000, currentAttempts=1, maxAttempts=unlimited}. Cause: Could not connect to broker URL: tcp://localhost:61616. Reason: java.net.ConnectException: Connection refused: no further information
[2024/08/20-13:04:28.517]-[ERROR]-[DefaultMessageListenerContainer-1]-[org.springframework.jms.listener.DefaultMessageListenerContainer:962]-Could not refresh JMS Connection for destination 'elink-gps-downstream-queue' - retrying using FixedBackOff{interval=5000, currentAttempts=2, maxAttempts=unlimited}. Cause: Could not connect to broker URL: tcp://localhost:61616. Reason: java.net.ConnectException: Connection refused: no further information
[2024/08/20-13:04:33.862]-[ERROR]-[DefaultMessageListenerContainer-1]-[org.springframework.jms.listener.DefaultMessageListenerContainer:962]-Could not refresh JMS Connection for destination 'elink-gps-downstream-queue' - retrying using FixedBackOff{interval=5000, currentAttempts=3, maxAttempts=unlimited}. Cause: Could not connect to broker URL: tcp://localhost:61616. Reason: java.net.ConnectException: Connection refused: no further information
[2024/08/20-13:04:38.864]-[ERROR]-[DefaultMessageListenerContainer-1]-[org.springframework.jms.listener.DefaultMessageListenerContainer:962]-Could not refresh JMS Connection for destination 'elink-gps-downstream-queue' - retrying using FixedBackOff{interval=5000, currentAttempts=4, maxAttempts=unlimited}. Cause: Could not connect to broker URL: tcp://localhost:61616. Reason: java.net.ConnectException: Connection refused: no further information
[2024/08/20-13:04:43.870]-[ERROR]-[DefaultMessageListenerContainer-1]-[org.springframework.jms.listener.DefaultMessageListenerContainer:962]-Could not refresh JMS Connection for destination 'elink-gps-downstream-queue' - retrying using FixedBackOff{interval=5000, currentAttempts=5, maxAttempts=unlimited}. Cause: Could not connect to broker URL: tcp://localhost:61616. Reason: java.net.ConnectException: Connection refused: no further information
