[2024/08/20-10:32:35.512]-7E000200000138001380000000A87E
[2024/08/20-10:32:45.521]-7E0200003C013800138000000100000000000C00C20183617606BBB3D800F6000001402408201032450104001624BE02020000030200002504000000002B040000000030010E310114597E
[2024/08/20-10:32:55.532]-7E000200000138001380000002AA7E
[2024/08/20-10:33:05.547]-7E000200000138001380000003AB7E
[2024/08/20-10:33:15.552]-7E0200003C013800138000000400000000000C00C20183617606BBB3D800F6000001402408201033150104001624BE02020000030200002504000000002B040000000030010E3101160F7E
[2024/08/20-10:33:25.567]-7E000200000138001380000005AD7E
[2024/08/20-10:33:35.581]-7E000200000138001380000006AE7E
[2024/08/20-12:19:38.195]-7E0100002D01310000000000011F401FA4313233343532333435363738390000000000000000000000003132333435363701B2E2423030303030DB7E
[2024/08/20-12:19:38.195]-7E0100002D01310000000200011F401FA4313233343532333435363738390000000000000000000000003132333435363701B2E2423030303030D97E
[2024/08/20-12:19:48.197]-7E0100002D01310000000100011F401FA4313233343532333435363738390000000000000000000000003132333435363701B2E2423030303030DA7E
[2024/08/20-12:19:48.217]-7E0100002D01310000000400011F401FA4313233343532333435363738390000000000000000000000003132333435363701B2E2423030303030DF7E
[2024/08/20-12:19:48.334]-7E0100002D01310000000300011F401FA4313233343532333435363738390000000000000000000000003132333435363701B2E2423030303030D87E
[2024/08/20-12:22:13.911]-7E0100002D00131000000200011F401FA4313233343532333435363738390000000000000000000000003132333435363701B2E2423030303030EA7E
[2024/08/20-12:22:13.923]-7E0100002D00131000000300011F401FA4313233343532333435363738390000000000000000000000003132333435363701B2E2423030303030EB7E
[2024/08/20-12:22:13.969]-7E0100002D00131000000100011F401FA4313233343532333435363738390000000000000000000000003132333435363701B2E2423030303030E97E
[2024/08/20-12:22:14.003]-7E0100002D00131000000400011F401FA4313233343532333435363738390000000000000000000000003132333435363701B2E2423030303030EC7E
[2024/08/20-12:22:14.748]-7E0100002D00131000000500011F401FA4313233343532333435363738390000000000000000000000003132333435363701B2E2423030303030ED7E
[2024/08/20-12:22:14.760]-7E0100002D00131000000000011F401FA4313233343532333435363738390000000000000000000000003132333435363701B2E2423030303030E87E
[2024/08/20-12:22:14.763]-7E0100002D00131000000700011F401FA4313233343532333435363738390000000000000000000000003132333435363701B2E2423030303030EF7E
[2024/08/20-12:22:14.844]-7E0100002D00131000000900011F401FA4313233343532333435363738390000000000000000000000003132333435363701B2E2423030303030E17E
[2024/08/20-12:22:14.852]-7E0100002D01310000001200011F401FA4313233343532333435363738390000000000000000000000003132333435363701B2E2423030303030C97E
[2024/08/20-12:22:14.898]-7E0100002D00131000000600011F401FA4313233343532333435363738390000000000000000000000003132333435363701B2E2423030303030EE7E
[2024/08/20-12:22:14.917]-7E0100002D01310000001100011F401FA4313233343532333435363738390000000000000000000000003132333435363701B2E2423030303030CA7E
[2024/08/20-12:22:14.920]-7E0100002D00131000000800011F401FA4313233343532333435363738390000000000000000000000003132333435363701B2E2423030303030E07E
[2024/08/20-12:22:14.934]-7E0100002D01310000001000011F401FA4313233343532333435363738390000000000000000000000003132333435363701B2E2423030303030CB7E
[2024/08/20-12:22:14.989]-7E0100002D01310000001600011F401FA4313233343532333435363738390000000000000000000000003132333435363701B2E2423030303030CD7E
[2024/08/20-12:22:14.998]-7E0100002D01310000001500011F401FA4313233343532333435363738390000000000000000000000003132333435363701B2E2423030303030CE7E
[2024/08/20-12:22:15.051]-7E0100002D01310000001400011F401FA4313233343532333435363738390000000000000000000000003132333435363701B2E2423030303030CF7E
[2024/08/20-12:22:15.093]-7E0100002D01310000001800011F401FA4313233343532333435363738390000000000000000000000003132333435363701B2E2423030303030C37E
[2024/08/20-12:22:15.167]-7E0100002D01310000001900011F401FA4313233343532333435363738390000000000000000000000003132333435363701B2E2423030303030C27E
[2024/08/20-12:22:15.169]-7E0100002D01310000001300011F401FA4313233343532333435363738390000000000000000000000003132333435363701B2E2423030303030C87E
[2024/08/20-12:22:15.185]-7E0100002D01310000001700011F401FA4313233343532333435363738390000000000000000000000003132333435363701B2E2423030303030CC7E
[2024/08/20-12:22:15.201]-7E0100002D01310000002000011F401FA4313233343532333435363738390000000000000000000000003132333435363701B2E2423030303030FB7E
[2024/08/20-12:22:15.252]-7E0100002D01310000002300011F401FA4313233343532333435363738390000000000000000000000003132333435363701B2E2423030303030F87E
[2024/08/20-12:22:15.257]-7E0100002D01310000002200011F401FA4313233343532333435363738390000000000000000000000003132333435363701B2E2423030303030F97E
[2024/08/20-12:22:15.296]-7E0100002D01310000002400011F401FA4313233343532333435363738390000000000000000000000003132333435363701B2E2423030303030FF7E
[2024/08/20-12:22:15.325]-7E0100002D01310000002100011F401FA4313233343532333435363738390000000000000000000000003132333435363701B2E2423030303030FA7E
[2024/08/20-12:22:15.333]-7E0100002D01310000002600011F401FA4313233343532333435363738390000000000000000000000003132333435363701B2E2423030303030FD7E
[2024/08/20-12:22:15.361]-7E0100002D01310000003000011F401FA4313233343532333435363738390000000000000000000000003132333435363701B2E2423030303030EB7E
[2024/08/20-12:22:15.363]-7E0100002D01310000002800011F401FA4313233343532333435363738390000000000000000000000003132333435363701B2E2423030303030F37E
[2024/08/20-12:22:15.369]-7E0100002D01310000003200011F401FA4313233343532333435363738390000000000000000000000003132333435363701B2E2423030303030E97E
[2024/08/20-12:22:15.383]-7E0100002D01310000002500011F401FA4313233343532333435363738390000000000000000000000003132333435363701B2E2423030303030FE7E
[2024/08/20-12:22:15.390]-7E0100002D01310000002700011F401FA4313233343532333435363738390000000000000000000000003132333435363701B2E2423030303030FC7E
[2024/08/20-12:22:15.398]-7E0100002D01310000002900011F401FA4313233343532333435363738390000000000000000000000003132333435363701B2E2423030303030F27E
[2024/08/20-12:22:15.438]-7E0100002D01310000003100011F401FA4313233343532333435363738390000000000000000000000003132333435363701B2E2423030303030EA7E
[2024/08/20-12:22:15.439]-7E0100002D01310000003500011F401FA4313233343532333435363738390000000000000000000000003132333435363701B2E2423030303030EE7E
[2024/08/20-12:22:15.505]-7E0100002D01310000003600011F401FA4313233343532333435363738390000000000000000000000003132333435363701B2E2423030303030ED7E
[2024/08/20-12:22:15.527]-7E0100002D01310000004300011F401FA4313233343532333435363738390000000000000000000000003132333435363701B2E2423030303030987E
[2024/08/20-12:22:15.531]-7E0100002D01310000003400011F401FA4313233343532333435363738390000000000000000000000003132333435363701B2E2423030303030EF7E
[2024/08/20-12:22:15.535]-7E0100002D01310000004400011F401FA4313233343532333435363738390000000000000000000000003132333435363701B2E24230303030309F7E
[2024/08/20-12:22:15.613]-7E0100002D01310000003800011F401FA4313233343532333435363738390000000000000000000000003132333435363701B2E2423030303030E37E
[2024/08/20-12:22:15.619]-7E0100002D01310000003300011F401FA4313233343532333435363738390000000000000000000000003132333435363701B2E2423030303030E87E
[2024/08/20-12:22:15.642]-7E0100002D01310000003700011F401FA4313233343532333435363738390000000000000000000000003132333435363701B2E2423030303030EC7E
[2024/08/20-12:22:15.662]-7E0100002D01310000004000011F401FA4313233343532333435363738390000000000000000000000003132333435363701B2E24230303030309B7E
[2024/08/20-12:22:15.663]-7E0100002D01310000004200011F401FA4313233343532333435363738390000000000000000000000003132333435363701B2E2423030303030997E
[2024/08/20-12:22:15.666]-7E0100002D01310000003900011F401FA4313233343532333435363738390000000000000000000000003132333435363701B2E2423030303030E27E
[2024/08/20-12:22:15.705]-7E0100002D01310000004600011F401FA4313233343532333435363738390000000000000000000000003132333435363701B2E24230303030309D7E
[2024/08/20-12:22:15.772]-7E0100002D01310000004100011F401FA4313233343532333435363738390000000000000000000000003132333435363701B2E24230303030309A7E
[2024/08/20-12:22:15.829]-7E0100002D01310000004500011F401FA4313233343532333435363738390000000000000000000000003132333435363701B2E24230303030309E7E
[2024/08/20-12:22:15.899]-7E0100002D01310000004700011F401FA4313233343532333435363738390000000000000000000000003132333435363701B2E24230303030309C7E
[2024/08/20-12:22:15.952]-7E0100002D01310000004800011F401FA4313233343532333435363738390000000000000000000000003132333435363701B2E2423030303030937E
[2024/08/20-12:22:16.016]-7E0100002D01310000004900011F401FA4313233343532333435363738390000000000000000000000003132333435363701B2E2423030303030927E
[2024/08/20-12:40:29.695]-7E0100002D01310000000100011F401FA4313233343532333435363738390000000000000000000000003132333435363701B2E2423030303030DA7E
[2024/08/20-12:40:29.700]-7E0100002D01310000000200011F401FA4313233343532333435363738390000000000000000000000003132333435363701B2E2423030303030D97E
[2024/08/20-12:40:29.713]-7E0100002D01310000000000011F401FA4313233343532333435363738390000000000000000000000003132333435363701B2E2423030303030DB7E
[2024/08/20-12:40:29.854]-7E0100002D01310000000300011F401FA4313233343532333435363738390000000000000000000000003132333435363701B2E2423030303030D87E
[2024/08/20-12:40:30.438]-7E0100002D01310000000400011F401FA4313233343532333435363738390000000000000000000000003132333435363701B2E2423030303030DF7E
[2024/08/20-12:54:56.114]-7E0100002D01310000000000011F401FA4313233343532333435363738390000000000000000000000003132333435363701B2E2423030303030DB7E
